Determining if the pthread_create exist failed with the following output:
Change Dir: /root/wqd-master/build/CMakeFiles/CMakeTmp

Run Build Command(s):/usr/bin/gmake cmTC_59d48/fast 
/usr/bin/gmake -f CMakeFiles/cmTC_59d48.dir/build.make CMakeFiles/cmTC_59d48.dir/build
gmake[1]: 进入目录“/root/wqd-master/build/CMakeFiles/CMakeTmp”
Building C object CMakeFiles/cmTC_59d48.dir/CheckSymbolExists.c.o
/usr/bin/gcc   -rdynamic -O3 -fPIC -ggdb -std=c11 -Wall -Wno-deprecated -Werror -Wno-unused-function -Wno-builtin-macro-redefined -Wno-deprecated-declarations    -o CMakeFiles/cmTC_59d48.dir/CheckSymbolExists.c.o   -c /root/wqd-master/build/CMakeFiles/CMakeTmp/CheckSymbolExists.c
Linking C executable cmTC_59d48
/apps/wqd/bin/cmake -E cmake_link_script CMakeFiles/cmTC_59d48.dir/link.txt --verbose=1
/usr/bin/gcc  -rdynamic -O3 -fPIC -ggdb -std=c11 -Wall -Wno-deprecated -Werror -Wno-unused-function -Wno-builtin-macro-redefined -Wno-deprecated-declarations     -rdynamic CMakeFiles/cmTC_59d48.dir/CheckSymbolExists.c.o  -o cmTC_59d48 
CMakeFiles/cmTC_59d48.dir/CheckSymbolExists.c.o：在函数‘main’中：
/root/wqd-master/build/CMakeFiles/CMakeTmp/CheckSymbolExists.c:8：对‘pthread_create’未定义的引用
collect2: 错误：ld 返回 1
gmake[1]: *** [cmTC_59d48] 错误 1
gmake[1]: 离开目录“/root/wqd-master/build/CMakeFiles/CMakeTmp”
gmake: *** [cmTC_59d48/fast] 错误 2

File /root/wqd-master/build/CMakeFiles/CMakeTmp/CheckSymbolExists.c:
/* */
#include <pthread.h>

int main(int argc, char** argv)
{
  (void)argv;
#ifndef pthread_create
  return ((int*)(&pthread_create))[argc];
#else
  (void)argc;
  return 0;
#endif
}

Determining if the function pthread_create exists in the pthreads failed with the following output:
Change Dir: /root/wqd-master/build/CMakeFiles/CMakeTmp

Run Build Command(s):/usr/bin/gmake cmTC_7c1f7/fast 
/usr/bin/gmake -f CMakeFiles/cmTC_7c1f7.dir/build.make CMakeFiles/cmTC_7c1f7.dir/build
gmake[1]: 进入目录“/root/wqd-master/build/CMakeFiles/CMakeTmp”
Building C object CMakeFiles/cmTC_7c1f7.dir/CheckFunctionExists.c.o
/usr/bin/gcc   -rdynamic -O3 -fPIC -ggdb -std=c11 -Wall -Wno-deprecated -Werror -Wno-unused-function -Wno-builtin-macro-redefined -Wno-deprecated-declarations -DCHECK_FUNCTION_EXISTS=pthread_create   -o CMakeFiles/cmTC_7c1f7.dir/CheckFunctionExists.c.o   -c /apps/wqd/share/cmake-3.14/Modules/CheckFunctionExists.c
Linking C executable cmTC_7c1f7
/apps/wqd/bin/cmake -E cmake_link_script CMakeFiles/cmTC_7c1f7.dir/link.txt --verbose=1
/usr/bin/gcc  -rdynamic -O3 -fPIC -ggdb -std=c11 -Wall -Wno-deprecated -Werror -Wno-unused-function -Wno-builtin-macro-redefined -Wno-deprecated-declarations -DCHECK_FUNCTION_EXISTS=pthread_create    -rdynamic CMakeFiles/cmTC_7c1f7.dir/CheckFunctionExists.c.o  -o cmTC_7c1f7 -lpthreads 
/usr/bin/ld: 找不到 -lpthreads
collect2: 错误：ld 返回 1
gmake[1]: *** [cmTC_7c1f7] 错误 1
gmake[1]: 离开目录“/root/wqd-master/build/CMakeFiles/CMakeTmp”
gmake: *** [cmTC_7c1f7/fast] 错误 2


